<?xml version="1.0" encoding="UTF-8"?>
<testsuite xmlns:xsi="http://www.w3.org/2001/XMLSchema-instance" xsi:noNamespaceSchemaLocation="https://maven.apache.org/surefire/maven-surefire-plugin/xsd/surefire-test-report.xsd" name="TestSuite" time="43.257" tests="1" errors="0" skipped="0" failures="1">
  <properties>
[...]
</properties>
  <testcase name="testPrequalificationForm" classname="com.usa.web.LoanPurposePageTest" time="32.644">
    <failure message="Expected condition failed: waiting for com.usa.web.utils.ElementHelper$$Lambda$337/67716006@538b3c88 (tried for 8 second(s) with 500 milliseconds interval)" type="org.openqa.selenium.TimeoutException">org.openqa.selenium.TimeoutException: Expected condition failed: waiting for com.usa.web.utils.ElementHelper$$Lambda$337/67716006@538b3c88 (tried for 8 second(s) with 500 milliseconds interval)
	at com.usa.web.LoanPurposePageTest.testPrequalificationForm(LoanPurposePageTest.java:32)
Caused by: org.openqa.selenium.NoSuchElementException: 
no such element: Unable to locate element: {"method":"xpath","selector":"//button[text()= 'Continue']"}
  (Session info: chrome=78.0.3904.70)
For documentation on this error, please visit: https://www.seleniumhq.org/exceptions/no_such_element.html
Build info: version: '3.141.59', revision: 'e82be7d358', time: '2018-11-14T08:17:03'
System info: host: 'AlexandersMBP2', ip: 'fe80:0:0:0:147d:a962:8354:bac4%en0', os.name: 'Mac OS X', os.arch: 'x86_64', os.version: '10.14.4', java.version: '1.8.0_201'
Driver info: org.openqa.selenium.chrome.ChromeDriver
Capabilities {acceptInsecureCerts: false, browserName: chrome, browserVersion: 78.0.3904.70, chrome: {chromedriverVersion: 78.0.3904.70 (edb9c9f3de024..., userDataDir: /var/folders/mx/69xrsg991kg...}, goog:chromeOptions: {debuggerAddress: localhost:57282}, javascriptEnabled: true, networkConnectionEnabled: false, pageLoadStrategy: normal, platform: MAC, platformName: MAC, proxy: Proxy(), setWindowRect: true, strictFileInteractability: false, timeouts: {implicit: 0, pageLoad: 300000, script: 30000}, unhandledPromptBehavior: dismiss and notify}
Session ID: e51a5f691d117d84b7e69a9e1c8a385d
*** Element info: {Using=xpath, value=//button[text()= 'Continue']}
	at com.usa.web.LoanPurposePageTest.testPrequalificationForm(LoanPurposePageTest.java:32)
</failure>
    <system-out><![CDATA[2019-10-31 16:31:06 INFO  LogListener:13 - /nTest started with name: null
2019-10-31 16:31:06 INFO  LandingPage:18 - Open with url: https://www.credible.com/?vt_disabled=true
2019-10-31 16:31:09 INFO  LandingPage:25 - Navigate to Loan purpose page
2019-10-31 16:31:09 INFO  ElementHelper:28 - CLick on element with locator: //*[@data-test-id='product-card-PL']//button
2019-10-31 16:31:09 INFO  ElementHelper:22 - Clear and set text: 10000 to an element with locator: //*[contains(@placeholder, 'Enter amount')]
2019-10-31 16:31:10 INFO  ElementHelper:28 - CLick on element with locator: //button[text() = 'Find My Rate']
2019-10-31 16:31:11 INFO  ElementHelper:28 - CLick on element with locator: //span[text() = 'Debt consolidation']
2019-10-31 16:31:12 INFO  ElementHelper:28 - CLick on element with locator: //span[text() = 'High school']
2019-10-31 16:31:13 INFO  ElementHelper:28 - CLick on element with locator: //span[text() = 'Full-time employed']
2019-10-31 16:31:14 INFO  ElementHelper:22 - Clear and set text: 50000 to an element with locator: //input[@name='employment.incomeYearly']
2019-10-31 16:31:15 INFO  ElementHelper:28 - CLick on element with locator: //button[text()= 'Continue']
2019-10-31 16:31:15 INFO  ElementHelper:28 - CLick on element with locator: //span[text() = 'Excellent (750+)']
2019-10-31 16:31:16 INFO  ElementHelper:22 - Clear and set text: Alex to an element with locator: //input[@placeholder='First name']
2019-10-31 16:31:17 INFO  ElementHelper:22 - Clear and set text: Somov to an element with locator: //input[@placeholder='Last name']
2019-10-31 16:31:17 INFO  ElementHelper:28 - CLick on element with locator: //button[text()= 'Continue']
2019-10-31 16:31:17 INFO  ElementHelper:22 - Clear and set text: 12181986 to an element with locator: //input[@placeholder = 'Date of birth (MM/DD/YYYY)']
2019-10-31 16:31:18 INFO  ElementHelper:28 - CLick on element with locator: //button[text()= 'Continue']
2019-10-31 16:31:18 INFO  ElementHelper:22 - Clear and set text: 2715 Cabrillo Street, San Francisco to an element with locator: //input[@placeholder='Address']
2019-10-31 16:31:24 INFO  ElementHelper:28 - CLick on element with locator: //button[text()= 'Continue']
2019-10-31 16:31:24 INFO  ElementHelper:28 - CLick on element with locator: //span[text() = 'Rent']
2019-10-31 16:31:25 INFO  ElementHelper:22 - Clear and set text: 1000 to an element with locator: //input[@placeholder='Monthly housing payment']
2019-10-31 16:31:26 INFO  ElementHelper:28 - CLick on element with locator: //button[text()= 'Continue']
2019-10-31 16:31:26 INFO  ElementHelper:28 - CLick on element with locator: //span[text() = 'Yes']
2019-10-31 16:31:27 INFO  ElementHelper:22 - Clear and set text: 111111111 to an element with locator: //input[@placeholder='Social security number']
2019-10-31 16:31:28 INFO  ElementHelper:28 - CLick on element with locator: //button[text()= 'Continue']
2019-10-31 16:31:28 INFO  ElementHelper:22 - Clear and set text: 4156545679 to an element with locator: //input[@placeholder='Phone number']
2019-10-31 16:31:29 INFO  ElementHelper:28 - CLick on element with locator: //button[text()= 'Continue']
2019-10-31 16:31:29 INFO  ElementHelper:22 - Clear and set text: Alex_31_1572564657903@credible.com to an element with locator: //input[@placeholder='Email']
2019-10-31 16:31:30 INFO  ElementHelper:28 - CLick on element with locator: //button[text()= 'Continue']
2019-10-31 16:31:38 ERROR LogListener:25 - Test started with name: null fail

2019-10-31 16:31:38 ERROR LogListener:26 - Test error: org.openqa.selenium.TimeoutException: Expected condition failed: waiting for com.usa.web.utils.ElementHelper$$Lambda$337/67716006@538b3c88 (tried for 8 second(s) with 500 milliseconds interval)
]]></system-out>
    <system-err><![CDATA[SLF4J: Failed to load class "org.slf4j.impl.StaticLoggerBinder".
SLF4J: Defaulting to no-operation (NOP) logger implementation
SLF4J: See http://www.slf4j.org/codes.html#StaticLoggerBinder for further details.
Starting ChromeDriver 78.0.3904.70 (edb9c9f3de0247fd912a77b7f6cae7447f6d3ad5-refs/branch-heads/3904@{#800}) on port 5611
Only local connections are allowed.
Please protect ports used by ChromeDriver and related test frameworks to prevent access by malicious code.
Oct 31, 2019 4:31:05 PM org.openqa.selenium.remote.ProtocolHandshake createSession
INFO: Detected dialect: W3C
]]></system-err>
  </testcase>
</testsuite>